mktextfm ecrm1000
mktextfm ecrm1000
mktextfm ecrm1728
mktextfm ptmbi8t
mktextfm ptmri8t
mktextfm ecrm1200
mktextfm ecbx1728
mktextfm ectt1200
mktextfm ecrm0800
mktextfm ptmbi8t
mktextfm ptmri8t
mktextfm ectt0800
mktextfm ecrm0900
mktextfm ecbx0900
mktextfm ptmbi8t
mktextfm ptmri8t
mktextfm ecrm0600
mktextfm eccc0900
mktextfm ecrm1440
mktextfm ecbx1440
mktextfm ecbx1200
mktextfm ptmbi8t
mktextfm ptmri8t
mktextfm ecss1000
mktextfm ectt0900
mktextfm ecrm0700
mktextfm ectt1000
mktextfm eccc1000
mktextfm ecbx1000
mktextfm ptmbi8t
mktextfm ptmri8t
mktextfm ecti1000
mktextfm ectt1000
mktextfm nullfont
mktextfm ecsl1000
mktextfm ecxc1000
mktextfm ectt1200
mktextfm nullfont
