This is pdfTeX, Version 3.1415926-2.5-1.40.14 (TeX Live 2013/Cygwin) (format=latex 2013.9.13)  13 SEP 2013 11:50
entering extended mode
 restricted \write18 enabled.
 %&-line parsing enabled.
**dox.ins
(./dox.ins
LaTeX2e <2011/06/27>
Babel <3.9f> and hyphenation patterns for 78 languages loaded.
(/usr/share/texmf-dist/tex/latex/base/docstrip.tex
\blockLevel=\count79
\emptyLines=\count80
\processedLines=\count81
\commentsRemoved=\count82
\commentsPassed=\count83
\codeLinesPassed=\count84
\TotalprocessedLines=\count85
\TotalcommentsRemoved=\count86
\TotalcommentsPassed=\count87
\TotalcodeLinesPassed=\count88
\NumberOfFiles=\count89
\inFile=\read1
\inputcheck=\read2
\off@0=\count90
\off@1=\count91
\off@2=\count92
\off@3=\count93
\off@4=\count94
\off@5=\count95
\off@6=\count96
\off@7=\count97
\off@8=\count98
\off@9=\count99
\off@10=\count100
\off@11=\count101
\off@12=\count102
\off@13=\count103
\off@14=\count104
\off@15=\count105
\@maxfiles=\count106
\@maxoutfiles=\count107

Utility: `docstrip' 2.5d <2005/07/29>
English documentation    <1999/03/31>

**********************************************************
* This program converts documented macro-files into fast *
* loadable files by stripping off (nearly) all comments! *
**********************************************************

********************************************************
* No Configuration file found, using default settings. *
********************************************************

)

Generating file(s) ./header.inc ./dox.sty 
\openout0 = `./header.inc'.

\openout1 = `./dox.sty'.


Processing file dox.dtx (header) -> header.inc
                        (header,dox) -> dox.sty
Lines  processed: 707
Comments removed: 492
Comments  passed: 15
Codelines passed: 193

 ) 
Here is how much of TeX's memory you used:
 320 strings out of 493316
 3173 string characters out of 6143701
 56568 words of memory out of 5000000
 3863 multiletter control sequences out of 15000+600000
 3640 words of font info for 14 fonts, out of 8000000 for 9000
 957 hyphenation exceptions out of 8191
 11i,0n,15p,135b,128s stack positions out of 5000i,500n,10000p,200000b,80000s

No pages of output.
